{"C:\\proy-n8n\\tallern8n\\backend\\src\\app.ts": {"path":"C:\\proy-n8n\\tallern8n\\backend\\src\\app.ts","statementMap":{"0":{"start":{"line":1,"column":0},"end":{"line":1,"column":26}},"1":{"start":{"line":2,"column":0},"end":{"line":2,"column":30}},"2":{"start":{"line":3,"column":0},"end":{"line":3,"column":24}},"3":{"start":{"line":4,"column":0},"end":{"line":4,"column":28}},"4":{"start":{"line":5,"column":0},"end":{"line":5,"column":46}},"5":{"start":{"line":6,"column":0},"end":{"line":6,"column":58}},"6":{"start":{"line":7,"column":0},"end":{"line":7,"column":54}},"7":{"start":{"line":8,"column":0},"end":{"line":8,"column":50}},"8":{"start":{"line":9,"column":0},"end":{"line":9,"column":62}},"9":{"start":{"line":11,"column":12},"end":{"line":11,"column":21}},"10":{"start":{"line":13,"column":0},"end":{"line":13,"column":18}},"11":{"start":{"line":15,"column":20},"end":{"line":15,"column":71}},"12":{"start":{"line":16,"column":0},"end":{"line":21,"column":2}},"13":{"start":{"line":23,"column":0},"end":{"line":23,"column":24}},"14":{"start":{"line":24,"column":0},"end":{"line":24,"column":48}},"15":{"start":{"line":27,"column":0},"end":{"line":27,"column":37}},"16":{"start":{"line":28,"column":0},"end":{"line":28,"column":33}},"17":{"start":{"line":29,"column":0},"end":{"line":29,"column":46}},"18":{"start":{"line":30,"column":0},"end":{"line":30,"column":42}},"19":{"start":{"line":33,"column":0},"end":{"line":33,"column":22}},"20":{"start":{"line":35,"column":0},"end":{"line":35,"column":19}}},"fnMap":{},"branchMap":{"0":{"loc":{"start":{"line":15,"column":20},"end":{"line":15,"column":71}},"type":"binary-expr","locations":[{"start":{"line":15,"column":20},"end":{"line":15,"column":44}},{"start":{"line":15,"column":48},"end":{"line":15,"column":71}}]}},"s":{"0":3,"1":3,"2":3,"3":3,"4":3,"5":3,"6":3,"7":3,"8":3,"9":3,"10":3,"11":3,"12":3,"13":3,"14":3,"15":3,"16":3,"17":3,"18":3,"19":3,"20":3},"f":{},"b":{"0":[3,2]}}
,"C:\\proy-n8n\\tallern8n\\backend\\src\\controllers\\auth.controller.ts": {"path":"C:\\proy-n8n\\tallern8n\\backend\\src\\controllers\\auth.controller.ts","statementMap":{"0":{"start":{"line":2,"column":0},"end":{"line":2,"column":55}},"1":{"start":{"line":5,"column":24},"end":{"line":5,"column":41}},"2":{"start":{"line":7,"column":13},"end":{"line":15,"column":3}},"3":{"start":{"line":8,"column":4},"end":{"line":14,"column":5}},"4":{"start":{"line":9,"column":42},"end":{"line":9,"column":50}},"5":{"start":{"line":10,"column":19},"end":{"line":10,"column":75}},"6":{"start":{"line":11,"column":6},"end":{"line":11,"column":33}},"7":{"start":{"line":13,"column":6},"end":{"line":13,"column":18}},"8":{"start":{"line":17,"column":10},"end":{"line":25,"column":3}},"9":{"start":{"line":18,"column":4},"end":{"line":24,"column":5}},"10":{"start":{"line":19,"column":34},"end":{"line":19,"column":42}},"11":{"start":{"line":20,"column":21},"end":{"line":20,"column":66}},"12":{"start":{"line":21,"column":6},"end":{"line":21,"column":35}},"13":{"start":{"line":23,"column":6},"end":{"line":23,"column":18}},"14":{"start":{"line":27,"column":19},"end":{"line":35,"column":3}},"15":{"start":{"line":28,"column":4},"end":{"line":34,"column":5}},"16":{"start":{"line":29,"column":24},"end":{"line":29,"column":32}},"17":{"start":{"line":30,"column":21},"end":{"line":30,"column":65}},"18":{"start":{"line":31,"column":6},"end":{"line":31,"column":35}},"19":{"start":{"line":33,"column":6},"end":{"line":33,"column":18}},"20":{"start":{"line":37,"column":18},"end":{"line":45,"column":3}},"21":{"start":{"line":38,"column":4},"end":{"line":44,"column":5}},"22":{"start":{"line":39,"column":34},"end":{"line":39,"column":42}},"23":{"start":{"line":40,"column":21},"end":{"line":40,"column":74}},"24":{"start":{"line":41,"column":6},"end":{"line":41,"column":35}},"25":{"start":{"line":43,"column":6},"end":{"line":43,"column":18}},"26":{"start":{"line":4,"column":0},"end":{"line":4,"column":13}}},"fnMap":{"0":{"name":"(anonymous_0)","decl":{"start":{"line":7,"column":13},"end":{"line":7,"column":18}},"loc":{"start":{"line":7,"column":86},"end":{"line":15,"column":3}}},"1":{"name":"(anonymous_1)","decl":{"start":{"line":17,"column":10},"end":{"line":17,"column":15}},"loc":{"start":{"line":17,"column":83},"end":{"line":25,"column":3}}},"2":{"name":"(anonymous_2)","decl":{"start":{"line":27,"column":19},"end":{"line":27,"column":24}},"loc":{"start":{"line":27,"column":92},"end":{"line":35,"column":3}}},"3":{"name":"(anonymous_3)","decl":{"start":{"line":37,"column":18},"end":{"line":37,"column":23}},"loc":{"start":{"line":37,"column":91},"end":{"line":45,"column":3}}}},"branchMap":{},"s":{"0":3,"1":3,"2":3,"3":2,"4":2,"5":2,"6":1,"7":1,"8":3,"9":2,"10":2,"11":2,"12":1,"13":1,"14":3,"15":1,"16":1,"17":1,"18":1,"19":0,"20":3,"21":2,"22":2,"23":2,"24":1,"25":1,"26":3},"f":{"0":2,"1":2,"2":1,"3":2},"b":{}}
,"C:\\proy-n8n\\tallern8n\\backend\\src\\controllers\\incidencia.controller.ts": {"path":"C:\\proy-n8n\\tallern8n\\backend\\src\\controllers\\incidencia.controller.ts","statementMap":{"0":{"start":{"line":3,"column":0},"end":{"line":3,"column":67}},"1":{"start":{"line":6,"column":30},"end":{"line":6,"column":53}},"2":{"start":{"line":8,"column":13},"end":{"line":15,"column":3}},"3":{"start":{"line":9,"column":4},"end":{"line":14,"column":5}},"4":{"start":{"line":10,"column":20},"end":{"line":10,"column":59}},"5":{"start":{"line":11,"column":6},"end":{"line":11,"column":34}},"6":{"start":{"line":13,"column":6},"end":{"line":13,"column":18}},"7":{"start":{"line":17,"column":11},"end":{"line":24,"column":3}},"8":{"start":{"line":18,"column":4},"end":{"line":23,"column":5}},"9":{"start":{"line":19,"column":19},"end":{"line":19,"column":56}},"10":{"start":{"line":20,"column":6},"end":{"line":20,"column":33}},"11":{"start":{"line":22,"column":6},"end":{"line":22,"column":18}},"12":{"start":{"line":26,"column":17},"end":{"line":37,"column":3}},"13":{"start":{"line":27,"column":4},"end":{"line":36,"column":5}},"14":{"start":{"line":28,"column":21},"end":{"line":28,"column":31}},"15":{"start":{"line":29,"column":37},"end":{"line":29,"column":45}},"16":{"start":{"line":30,"column":22},"end":{"line":30,"column":34}},"17":{"start":{"line":32,"column":22},"end":{"line":32,"column":96}},"18":{"start":{"line":33,"column":6},"end":{"line":33,"column":36}},"19":{"start":{"line":35,"column":6},"end":{"line":35,"column":18}},"20":{"start":{"line":39,"column":17},"end":{"line":46,"column":3}},"21":{"start":{"line":40,"column":4},"end":{"line":45,"column":5}},"22":{"start":{"line":41,"column":24},"end":{"line":41,"column":67}},"23":{"start":{"line":42,"column":6},"end":{"line":42,"column":38}},"24":{"start":{"line":44,"column":6},"end":{"line":44,"column":18}},"25":{"start":{"line":5,"column":0},"end":{"line":5,"column":13}}},"fnMap":{"0":{"name":"(anonymous_0)","decl":{"start":{"line":8,"column":13},"end":{"line":8,"column":18}},"loc":{"start":{"line":8,"column":100},"end":{"line":15,"column":3}}},"1":{"name":"(anonymous_1)","decl":{"start":{"line":17,"column":11},"end":{"line":17,"column":16}},"loc":{"start":{"line":17,"column":98},"end":{"line":24,"column":3}}},"2":{"name":"(anonymous_2)","decl":{"start":{"line":26,"column":17},"end":{"line":26,"column":22}},"loc":{"start":{"line":26,"column":103},"end":{"line":37,"column":3}}},"3":{"name":"(anonymous_3)","decl":{"start":{"line":39,"column":17},"end":{"line":39,"column":22}},"loc":{"start":{"line":39,"column":104},"end":{"line":46,"column":3}}}},"branchMap":{},"s":{"0":3,"1":6,"2":6,"3":1,"4":1,"5":1,"6":0,"7":6,"8":1,"9":1,"10":1,"11":0,"12":6,"13":1,"14":1,"15":1,"16":1,"17":1,"18":1,"19":0,"20":6,"21":1,"22":1,"23":1,"24":0,"25":3},"f":{"0":1,"1":1,"2":1,"3":1},"b":{}}
,"C:\\proy-n8n\\tallern8n\\backend\\src\\dtos\\auth.schema.ts": {"path":"C:\\proy-n8n\\tallern8n\\backend\\src\\dtos\\auth.schema.ts","statementMap":{"0":{"start":{"line":1,"column":0},"end":{"line":1,"column":24}},"1":{"start":{"line":3,"column":13},"end":{"line":7,"column":3}},"2":{"start":{"line":9,"column":13},"end":{"line":12,"column":3}},"3":{"start":{"line":14,"column":13},"end":{"line":16,"column":3}},"4":{"start":{"line":18,"column":13},"end":{"line":21,"column":3}}},"fnMap":{},"branchMap":{},"s":{"0":3,"1":3,"2":3,"3":3,"4":3},"f":{},"b":{}}
,"C:\\proy-n8n\\tallern8n\\backend\\src\\dtos\\incidencia.schema.ts": {"path":"C:\\proy-n8n\\tallern8n\\backend\\src\\dtos\\incidencia.schema.ts","statementMap":{"0":{"start":{"line":1,"column":0},"end":{"line":1,"column":24}},"1":{"start":{"line":3,"column":13},"end":{"line":8,"column":3}},"2":{"start":{"line":5,"column":21},"end":{"line":5,"column":83}}},"fnMap":{"0":{"name":"(anonymous_0)","decl":{"start":{"line":5,"column":14},"end":{"line":5,"column":17}},"loc":{"start":{"line":5,"column":21},"end":{"line":5,"column":83}}}},"branchMap":{},"s":{"0":3,"1":3,"2":0},"f":{"0":0},"b":{}}
,"C:\\proy-n8n\\tallern8n\\backend\\src\\entities\\Comentario.ts": {"path":"C:\\proy-n8n\\tallern8n\\backend\\src\\entities\\Comentario.ts","statementMap":{"0":{"start":{"line":1,"column":0},"end":{"line":1,"column":106}},"1":{"start":{"line":2,"column":0},"end":{"line":2,"column":36}},"2":{"start":{"line":3,"column":0},"end":{"line":3,"column":36}},"3":{"start":{"line":6,"column":7},"end":{"line":32,"column":null}},"4":{"start":{"line":6,"column":13},"end":{"line":6,"column":23}},"5":{"start":{"line":8,"column":2},"end":{"line":8,"column":null}},"6":{"start":{"line":11,"column":2},"end":{"line":11,"column":null}},"7":{"start":{"line":15,"column":2},"end":{"line":15,"column":null}},"8":{"start":{"line":13,"column":19},"end":{"line":13,"column":26}},"9":{"start":{"line":18,"column":2},"end":{"line":18,"column":null}},"10":{"start":{"line":22,"column":2},"end":{"line":22,"column":null}},"11":{"start":{"line":20,"column":19},"end":{"line":20,"column":26}},"12":{"start":{"line":25,"column":2},"end":{"line":25,"column":null}},"13":{"start":{"line":28,"column":2},"end":{"line":28,"column":null}},"14":{"start":{"line":31,"column":2},"end":{"line":31,"column":null}},"15":{"start":{"line":30,"column":75},"end":{"line":30,"column":94}},"16":{"start":{"line":6,"column":13},"end":{"line":32,"column":null}}},"fnMap":{"0":{"name":"(anonymous_2)","decl":{"start":{"line":13,"column":13},"end":{"line":13,"column":16}},"loc":{"start":{"line":13,"column":19},"end":{"line":13,"column":26}}},"1":{"name":"(anonymous_3)","decl":{"start":{"line":20,"column":13},"end":{"line":20,"column":16}},"loc":{"start":{"line":20,"column":19},"end":{"line":20,"column":26}}},"2":{"name":"(anonymous_4)","decl":{"start":{"line":30,"column":69},"end":{"line":30,"column":72}},"loc":{"start":{"line":30,"column":75},"end":{"line":30,"column":94}}}},"branchMap":{},"s":{"0":3,"1":3,"2":3,"3":3,"4":3,"5":3,"6":3,"7":3,"8":0,"9":3,"10":3,"11":0,"12":3,"13":3,"14":3,"15":0,"16":3},"f":{"0":0,"1":0,"2":0},"b":{}}
,"C:\\proy-n8n\\tallern8n\\backend\\src\\entities\\Novedad.ts": {"path":"C:\\proy-n8n\\tallern8n\\backend\\src\\entities\\Novedad.ts","statementMap":{"0":{"start":{"line":1,"column":0},"end":{"line":1,"column":124}},"1":{"start":{"line":2,"column":0},"end":{"line":2,"column":38}},"2":{"start":{"line":3,"column":0},"end":{"line":3,"column":36}},"3":{"start":{"line":6,"column":7},"end":{"line":54,"column":null}},"4":{"start":{"line":6,"column":13},"end":{"line":6,"column":20}},"5":{"start":{"line":8,"column":2},"end":{"line":8,"column":null}},"6":{"start":{"line":11,"column":2},"end":{"line":11,"column":null}},"7":{"start":{"line":14,"column":2},"end":{"line":14,"column":null}},"8":{"start":{"line":18,"column":2},"end":{"line":18,"column":null}},"9":{"start":{"line":16,"column":19},"end":{"line":16,"column":27}},"10":{"start":{"line":21,"column":2},"end":{"line":21,"column":null}},"11":{"start":{"line":24,"column":2},"end":{"line":24,"column":null}},"12":{"start":{"line":27,"column":2},"end":{"line":27,"column":null}},"13":{"start":{"line":30,"column":2},"end":{"line":30,"column":null}},"14":{"start":{"line":33,"column":2},"end":{"line":33,"column":null}},"15":{"start":{"line":37,"column":2},"end":{"line":37,"column":null}},"16":{"start":{"line":35,"column":19},"end":{"line":35,"column":26}},"17":{"start":{"line":40,"column":2},"end":{"line":40,"column":null}},"18":{"start":{"line":44,"column":2},"end":{"line":44,"column":null}},"19":{"start":{"line":42,"column":19},"end":{"line":42,"column":26}},"20":{"start":{"line":47,"column":2},"end":{"line":47,"column":null}},"21":{"start":{"line":50,"column":2},"end":{"line":50,"column":null}},"22":{"start":{"line":49,"column":75},"end":{"line":49,"column":94}},"23":{"start":{"line":53,"column":2},"end":{"line":53,"column":null}},"24":{"start":{"line":52,"column":80},"end":{"line":52,"column":99}},"25":{"start":{"line":6,"column":13},"end":{"line":54,"column":null}}},"fnMap":{"0":{"name":"(anonymous_2)","decl":{"start":{"line":16,"column":13},"end":{"line":16,"column":16}},"loc":{"start":{"line":16,"column":19},"end":{"line":16,"column":27}}},"1":{"name":"(anonymous_3)","decl":{"start":{"line":35,"column":13},"end":{"line":35,"column":16}},"loc":{"start":{"line":35,"column":19},"end":{"line":35,"column":26}}},"2":{"name":"(anonymous_4)","decl":{"start":{"line":42,"column":13},"end":{"line":42,"column":16}},"loc":{"start":{"line":42,"column":19},"end":{"line":42,"column":26}}},"3":{"name":"(anonymous_5)","decl":{"start":{"line":49,"column":69},"end":{"line":49,"column":72}},"loc":{"start":{"line":49,"column":75},"end":{"line":49,"column":94}}},"4":{"name":"(anonymous_6)","decl":{"start":{"line":52,"column":74},"end":{"line":52,"column":77}},"loc":{"start":{"line":52,"column":80},"end":{"line":52,"column":99}}}},"branchMap":{},"s":{"0":3,"1":3,"2":3,"3":3,"4":3,"5":3,"6":3,"7":3,"8":3,"9":0,"10":3,"11":3,"12":3,"13":3,"14":3,"15":3,"16":0,"17":3,"18":3,"19":0,"20":3,"21":3,"22":0,"23":3,"24":0,"25":3},"f":{"0":0,"1":0,"2":0,"3":0,"4":0},"b":{}}
,"C:\\proy-n8n\\tallern8n\\backend\\src\\entities\\Proyecto.ts": {"path":"C:\\proy-n8n\\tallern8n\\backend\\src\\entities\\Proyecto.ts","statementMap":{"0":{"start":{"line":1,"column":0},"end":{"line":1,"column":65}},"1":{"start":{"line":4,"column":7},"end":{"line":13,"column":null}},"2":{"start":{"line":4,"column":13},"end":{"line":4,"column":21}},"3":{"start":{"line":6,"column":2},"end":{"line":6,"column":null}},"4":{"start":{"line":9,"column":2},"end":{"line":9,"column":null}},"5":{"start":{"line":12,"column":2},"end":{"line":12,"column":null}},"6":{"start":{"line":4,"column":13},"end":{"line":13,"column":null}}},"fnMap":{},"branchMap":{},"s":{"0":3,"1":3,"2":3,"3":3,"4":3,"5":3,"6":3},"f":{},"b":{}}
,"C:\\proy-n8n\\tallern8n\\backend\\src\\entities\\Usuario.ts": {"path":"C:\\proy-n8n\\tallern8n\\backend\\src\\entities\\Usuario.ts","statementMap":{"0":{"start":{"line":1,"column":0},"end":{"line":1,"column":83}},"1":{"start":{"line":4,"column":7},"end":{"line":34,"column":null}},"2":{"start":{"line":4,"column":13},"end":{"line":4,"column":20}},"3":{"start":{"line":6,"column":2},"end":{"line":6,"column":null}},"4":{"start":{"line":9,"column":2},"end":{"line":9,"column":null}},"5":{"start":{"line":12,"column":2},"end":{"line":12,"column":null}},"6":{"start":{"line":15,"column":2},"end":{"line":15,"column":null}},"7":{"start":{"line":18,"column":2},"end":{"line":18,"column":null}},"8":{"start":{"line":21,"column":2},"end":{"line":21,"column":null}},"9":{"start":{"line":20,"column":75},"end":{"line":20,"column":94}},"10":{"start":{"line":24,"column":2},"end":{"line":24,"column":null}},"11":{"start":{"line":27,"column":2},"end":{"line":27,"column":null}},"12":{"start":{"line":30,"column":2},"end":{"line":30,"column":null}},"13":{"start":{"line":33,"column":2},"end":{"line":33,"column":null}},"14":{"start":{"line":4,"column":13},"end":{"line":34,"column":null}}},"fnMap":{"0":{"name":"(anonymous_2)","decl":{"start":{"line":20,"column":69},"end":{"line":20,"column":72}},"loc":{"start":{"line":20,"column":75},"end":{"line":20,"column":94}}}},"branchMap":{},"s":{"0":3,"1":3,"2":3,"3":3,"4":3,"5":3,"6":3,"7":3,"8":3,"9":0,"10":3,"11":3,"12":3,"13":3,"14":3},"f":{"0":0},"b":{}}
,"C:\\proy-n8n\\tallern8n\\backend\\src\\middlewares\\auth.middleware.ts": {"path":"C:\\proy-n8n\\tallern8n\\backend\\src\\middlewares\\auth.middleware.ts","statementMap":{"0":{"start":{"line":2,"column":0},"end":{"line":2,"column":36}},"1":{"start":{"line":13,"column":30},"end":{"line":29,"column":1}},"2":{"start":{"line":14,"column":21},"end":{"line":14,"column":46}},"3":{"start":{"line":15,"column":2},"end":{"line":18,"column":3}},"4":{"start":{"line":16,"column":4},"end":{"line":16,"column":92}},"5":{"start":{"line":17,"column":4},"end":{"line":17,"column":11}},"6":{"start":{"line":20,"column":16},"end":{"line":20,"column":40}},"7":{"start":{"line":21,"column":2},"end":{"line":28,"column":3}},"8":{"start":{"line":22,"column":19},"end":{"line":22,"column":96}},"9":{"start":{"line":23,"column":20},"end":{"line":23,"column":77}},"10":{"start":{"line":24,"column":4},"end":{"line":24,"column":23}},"11":{"start":{"line":25,"column":4},"end":{"line":25,"column":11}},"12":{"start":{"line":27,"column":4},"end":{"line":27,"column":84}},"13":{"start":{"line":13,"column":13},"end":{"line":13,"column":30}},"14":{"start":{"line":31,"column":27},"end":{"line":45,"column":1}},"15":{"start":{"line":32,"column":2},"end":{"line":44,"column":4}},"16":{"start":{"line":33,"column":4},"end":{"line":36,"column":5}},"17":{"start":{"line":34,"column":6},"end":{"line":34,"column":58}},"18":{"start":{"line":35,"column":6},"end":{"line":35,"column":13}},"19":{"start":{"line":38,"column":4},"end":{"line":41,"column":5}},"20":{"start":{"line":39,"column":6},"end":{"line":39,"column":83}},"21":{"start":{"line":40,"column":6},"end":{"line":40,"column":13}},"22":{"start":{"line":43,"column":4},"end":{"line":43,"column":11}},"23":{"start":{"line":31,"column":13},"end":{"line":31,"column":27}}},"fnMap":{"0":{"name":"(anonymous_9)","decl":{"start":{"line":13,"column":30},"end":{"line":13,"column":31}},"loc":{"start":{"line":13,"column":101},"end":{"line":29,"column":1}}},"1":{"name":"(anonymous_10)","decl":{"start":{"line":31,"column":27},"end":{"line":31,"column":28}},"loc":{"start":{"line":31,"column":89},"end":{"line":45,"column":1}}},"2":{"name":"(anonymous_11)","decl":{"start":{"line":32,"column":9},"end":{"line":32,"column":10}},"loc":{"start":{"line":32,"column":80},"end":{"line":44,"column":3}}}},"branchMap":{"0":{"loc":{"start":{"line":15,"column":2},"end":{"line":18,"column":3}},"type":"if","locations":[{"start":{"line":15,"column":2},"end":{"line":18,"column":3}}]},"1":{"loc":{"start":{"line":15,"column":6},"end":{"line":15,"column":54}},"type":"binary-expr","locations":[{"start":{"line":15,"column":6},"end":{"line":15,"column":17}},{"start":{"line":15,"column":21},"end":{"line":15,"column":54}}]},"2":{"loc":{"start":{"line":22,"column":19},"end":{"line":22,"column":96}},"type":"binary-expr","locations":[{"start":{"line":22,"column":19},"end":{"line":22,"column":41}},{"start":{"line":22,"column":45},"end":{"line":22,"column":96}}]},"3":{"loc":{"start":{"line":33,"column":4},"end":{"line":36,"column":5}},"type":"if","locations":[{"start":{"line":33,"column":4},"end":{"line":36,"column":5}}]},"4":{"loc":{"start":{"line":38,"column":4},"end":{"line":41,"column":5}},"type":"if","locations":[{"start":{"line":38,"column":4},"end":{"line":41,"column":5}}]}},"s":{"0":3,"1":3,"2":4,"3":4,"4":0,"5":0,"6":4,"7":4,"8":4,"9":4,"10":4,"11":4,"12":0,"13":3,"14":3,"15":0,"16":0,"17":0,"18":0,"19":0,"20":0,"21":0,"22":0,"23":3},"f":{"0":4,"1":0,"2":0},"b":{"0":[0],"1":[4,4],"2":[4,0],"3":[0],"4":[0]}}
,"C:\\proy-n8n\\tallern8n\\backend\\src\\middlewares\\error.middleware.ts": {"path":"C:\\proy-n8n\\tallern8n\\backend\\src\\middlewares\\error.middleware.ts","statementMap":{"0":{"start":{"line":3,"column":28},"end":{"line":17,"column":1}},"1":{"start":{"line":10,"column":17},"end":{"line":10,"column":34}},"2":{"start":{"line":11,"column":18},"end":{"line":11,"column":61}},"3":{"start":{"line":14,"column":2},"end":{"line":14,"column":67}},"4":{"start":{"line":16,"column":2},"end":{"line":16,"column":39}},"5":{"start":{"line":3,"column":13},"end":{"line":3,"column":28}}},"fnMap":{"0":{"name":"(anonymous_0)","decl":{"start":{"line":3,"column":28},"end":{"line":3,"column":null}},"loc":{"start":{"line":9,"column":10},"end":{"line":17,"column":1}}}},"branchMap":{"0":{"loc":{"start":{"line":10,"column":17},"end":{"line":10,"column":34}},"type":"binary-expr","locations":[{"start":{"line":10,"column":17},"end":{"line":10,"column":27}},{"start":{"line":10,"column":31},"end":{"line":10,"column":34}}]},"1":{"loc":{"start":{"line":11,"column":18},"end":{"line":11,"column":61}},"type":"binary-expr","locations":[{"start":{"line":11,"column":18},"end":{"line":11,"column":29}},{"start":{"line":11,"column":33},"end":{"line":11,"column":61}}]}},"s":{"0":3,"1":3,"2":3,"3":3,"4":3,"5":3},"f":{"0":3},"b":{"0":[3,0],"1":[3,0]}}
,"C:\\proy-n8n\\tallern8n\\backend\\src\\middlewares\\rate-limit.middleware.ts": {"path":"C:\\proy-n8n\\tallern8n\\backend\\src\\middlewares\\rate-limit.middleware.ts","statementMap":{"0":{"start":{"line":1,"column":0},"end":{"line":1,"column":43}},"1":{"start":{"line":3,"column":13},"end":{"line":9,"column":3}}},"fnMap":{},"branchMap":{},"s":{"0":3,"1":3},"f":{},"b":{}}
,"C:\\proy-n8n\\tallern8n\\backend\\src\\middlewares\\validation.middleware.ts": {"path":"C:\\proy-n8n\\tallern8n\\backend\\src\\middlewares\\validation.middleware.ts","statementMap":{"0":{"start":{"line":2,"column":0},"end":{"line":2,"column":39}},"1":{"start":{"line":4,"column":28},"end":{"line":20,"column":1}},"2":{"start":{"line":5,"column":2},"end":{"line":19,"column":4}},"3":{"start":{"line":6,"column":4},"end":{"line":18,"column":5}},"4":{"start":{"line":7,"column":6},"end":{"line":7,"column":51}},"5":{"start":{"line":8,"column":6},"end":{"line":8,"column":13}},"6":{"start":{"line":10,"column":6},"end":{"line":16,"column":7}},"7":{"start":{"line":11,"column":8},"end":{"line":14,"column":11}},"8":{"start":{"line":15,"column":8},"end":{"line":15,"column":15}},"9":{"start":{"line":17,"column":6},"end":{"line":17,"column":18}},"10":{"start":{"line":4,"column":13},"end":{"line":4,"column":28}}},"fnMap":{"0":{"name":"(anonymous_0)","decl":{"start":{"line":4,"column":28},"end":{"line":4,"column":29}},"loc":{"start":{"line":4,"column":47},"end":{"line":20,"column":1}}},"1":{"name":"(anonymous_1)","decl":{"start":{"line":5,"column":9},"end":{"line":5,"column":14}},"loc":{"start":{"line":5,"column":82},"end":{"line":19,"column":3}}}},"branchMap":{"0":{"loc":{"start":{"line":10,"column":6},"end":{"line":16,"column":7}},"type":"if","locations":[{"start":{"line":10,"column":6},"end":{"line":16,"column":7}}]},"1":{"loc":{"start":{"line":12,"column":19},"end":{"line":12,"column":75}},"type":"binary-expr","locations":[{"start":{"line":12,"column":19},"end":{"line":12,"column":43}},{"start":{"line":12,"column":47},"end":{"line":12,"column":75}}]}},"s":{"0":3,"1":3,"2":15,"3":8,"4":8,"5":8,"6":0,"7":0,"8":0,"9":0,"10":3},"f":{"0":15,"1":8},"b":{"0":[0],"1":[0,0]}}
,"C:\\proy-n8n\\tallern8n\\backend\\src\\routes\\auth.routes.ts": {"path":"C:\\proy-n8n\\tallern8n\\backend\\src\\routes\\auth.routes.ts","statementMap":{"0":{"start":{"line":1,"column":0},"end":{"line":1,"column":33}},"1":{"start":{"line":2,"column":0},"end":{"line":2,"column":64}},"2":{"start":{"line":3,"column":0},"end":{"line":3,"column":68}},"3":{"start":{"line":4,"column":0},"end":{"line":4,"column":71}},"4":{"start":{"line":5,"column":0},"end":{"line":5,"column":109}},"5":{"start":{"line":7,"column":15},"end":{"line":7,"column":23}},"6":{"start":{"line":8,"column":19},"end":{"line":8,"column":39}},"7":{"start":{"line":10,"column":0},"end":{"line":10,"column":76}},"8":{"start":{"line":11,"column":0},"end":{"line":11,"column":84}},"9":{"start":{"line":12,"column":0},"end":{"line":12,"column":112}},"10":{"start":{"line":13,"column":0},"end":{"line":13,"column":92}},"11":{"start":{"line":15,"column":0},"end":{"line":15,"column":22}}},"fnMap":{},"branchMap":{},"s":{"0":3,"1":3,"2":3,"3":3,"4":3,"5":3,"6":3,"7":3,"8":3,"9":3,"10":3,"11":3},"f":{},"b":{}}
,"C:\\proy-n8n\\tallern8n\\backend\\src\\routes\\health.routes.ts": {"path":"C:\\proy-n8n\\tallern8n\\backend\\src\\routes\\health.routes.ts","statementMap":{"0":{"start":{"line":1,"column":0},"end":{"line":1,"column":52}},"1":{"start":{"line":3,"column":15},"end":{"line":3,"column":23}},"2":{"start":{"line":5,"column":0},"end":{"line":7,"column":3}},"3":{"start":{"line":6,"column":2},"end":{"line":6,"column":37}},"4":{"start":{"line":9,"column":0},"end":{"line":9,"column":22}}},"fnMap":{"0":{"name":"(anonymous_0)","decl":{"start":{"line":5,"column":16},"end":{"line":5,"column":17}},"loc":{"start":{"line":5,"column":49},"end":{"line":7,"column":1}}}},"branchMap":{},"s":{"0":3,"1":3,"2":3,"3":1,"4":3},"f":{"0":1},"b":{}}
,"C:\\proy-n8n\\tallern8n\\backend\\src\\routes\\incidencia.routes.ts": {"path":"C:\\proy-n8n\\tallern8n\\backend\\src\\routes\\incidencia.routes.ts","statementMap":{"0":{"start":{"line":1,"column":0},"end":{"line":1,"column":33}},"1":{"start":{"line":2,"column":0},"end":{"line":2,"column":76}},"2":{"start":{"line":3,"column":0},"end":{"line":3,"column":64}},"3":{"start":{"line":4,"column":0},"end":{"line":4,"column":68}},"4":{"start":{"line":5,"column":0},"end":{"line":5,"column":63}},"5":{"start":{"line":7,"column":15},"end":{"line":7,"column":23}},"6":{"start":{"line":8,"column":19},"end":{"line":8,"column":45}},"7":{"start":{"line":10,"column":0},"end":{"line":10,"column":34}},"8":{"start":{"line":12,"column":0},"end":{"line":12,"column":42}},"9":{"start":{"line":13,"column":0},"end":{"line":13,"column":35}},"10":{"start":{"line":14,"column":0},"end":{"line":14,"column":87}},"11":{"start":{"line":16,"column":0},"end":{"line":16,"column":22}}},"fnMap":{},"branchMap":{},"s":{"0":3,"1":3,"2":3,"3":3,"4":3,"5":3,"6":3,"7":3,"8":3,"9":3,"10":3,"11":3},"f":{},"b":{}}
,"C:\\proy-n8n\\tallern8n\\backend\\src\\routes\\proyecto.routes.ts": {"path":"C:\\proy-n8n\\tallern8n\\backend\\src\\routes\\proyecto.routes.ts","statementMap":{"0":{"start":{"line":1,"column":0},"end":{"line":1,"column":33}},"1":{"start":{"line":2,"column":0},"end":{"line":2,"column":76}},"2":{"start":{"line":3,"column":0},"end":{"line":3,"column":64}},"3":{"start":{"line":5,"column":15},"end":{"line":5,"column":23}},"4":{"start":{"line":6,"column":19},"end":{"line":6,"column":45}},"5":{"start":{"line":8,"column":0},"end":{"line":8,"column":34}},"6":{"start":{"line":10,"column":0},"end":{"line":10,"column":41}},"7":{"start":{"line":12,"column":0},"end":{"line":12,"column":22}}},"fnMap":{},"branchMap":{},"s":{"0":3,"1":3,"2":3,"3":3,"4":3,"5":3,"6":3,"7":3},"f":{},"b":{}}
,"C:\\proy-n8n\\tallern8n\\backend\\src\\services\\auth.service.ts": {"path":"C:\\proy-n8n\\tallern8n\\backend\\src\\services\\auth.service.ts","statementMap":{"0":{"start":{"line":1,"column":0},"end":{"line":1,"column":45}},"1":{"start":{"line":2,"column":0},"end":{"line":2,"column":46}},"2":{"start":{"line":3,"column":0},"end":{"line":3,"column":35}},"3":{"start":{"line":4,"column":0},"end":{"line":4,"column":36}},"4":{"start":{"line":5,"column":0},"end":{"line":5,"column":33}},"5":{"start":{"line":6,"column":0},"end":{"line":6,"column":26}},"6":{"start":{"line":7,"column":0},"end":{"line":7,"column":35}},"7":{"start":{"line":10,"column":30},"end":{"line":10,"column":66}},"8":{"start":{"line":13,"column":25},"end":{"line":13,"column":74}},"9":{"start":{"line":14,"column":4},"end":{"line":18,"column":5}},"10":{"start":{"line":15,"column":23},"end":{"line":15,"column":64}},"11":{"start":{"line":16,"column":6},"end":{"line":16,"column":23}},"12":{"start":{"line":17,"column":6},"end":{"line":17,"column":16}},"13":{"start":{"line":20,"column":25},"end":{"line":20,"column":56}},"14":{"start":{"line":22,"column":25},"end":{"line":22,"column":38}},"15":{"start":{"line":23,"column":4},"end":{"line":23,"column":33}},"16":{"start":{"line":24,"column":4},"end":{"line":24,"column":31}},"17":{"start":{"line":25,"column":4},"end":{"line":25,"column":45}},"18":{"start":{"line":26,"column":4},"end":{"line":26,"column":36}},"19":{"start":{"line":27,"column":4},"end":{"line":27,"column":31}},"20":{"start":{"line":29,"column":22},"end":{"line":29,"column":69}},"21":{"start":{"line":32,"column":92},"end":{"line":32,"column":101}},"22":{"start":{"line":33,"column":4},"end":{"line":33,"column":33}},"23":{"start":{"line":37,"column":17},"end":{"line":40,"column":6}},"24":{"start":{"line":42,"column":4},"end":{"line":46,"column":5}},"25":{"start":{"line":43,"column":23},"end":{"line":43,"column":58}},"26":{"start":{"line":44,"column":6},"end":{"line":44,"column":23}},"27":{"start":{"line":45,"column":6},"end":{"line":45,"column":16}},"28":{"start":{"line":48,"column":4},"end":{"line":52,"column":5}},"29":{"start":{"line":49,"column":23},"end":{"line":49,"column":52}},"30":{"start":{"line":50,"column":6},"end":{"line":50,"column":23}},"31":{"start":{"line":51,"column":6},"end":{"line":51,"column":16}},"32":{"start":{"line":54,"column":20},"end":{"line":54,"column":69}},"33":{"start":{"line":55,"column":4},"end":{"line":59,"column":5}},"34":{"start":{"line":56,"column":23},"end":{"line":56,"column":58}},"35":{"start":{"line":57,"column":6},"end":{"line":57,"column":23}},"36":{"start":{"line":58,"column":6},"end":{"line":58,"column":16}},"37":{"start":{"line":61,"column":19},"end":{"line":61,"column":96}},"38":{"start":{"line":62,"column":20},"end":{"line":62,"column":51}},"39":{"start":{"line":64,"column":18},"end":{"line":67,"column":null}},"40":{"start":{"line":71,"column":92},"end":{"line":71,"column":96}},"41":{"start":{"line":72,"column":4},"end":{"line":72,"column":50}},"42":{"start":{"line":76,"column":17},"end":{"line":76,"column":66}},"43":{"start":{"line":79,"column":4},"end":{"line":81,"column":5}},"44":{"start":{"line":80,"column":6},"end":{"line":80,"column":95}},"45":{"start":{"line":83,"column":18},"end":{"line":83,"column":56}},"46":{"start":{"line":84,"column":19},"end":{"line":84,"column":56}},"47":{"start":{"line":86,"column":4},"end":{"line":86,"column":28}},"48":{"start":{"line":87,"column":4},"end":{"line":87,"column":30}},"49":{"start":{"line":88,"column":4},"end":{"line":88,"column":44}},"50":{"start":{"line":90,"column":21},"end":{"line":90,"column":98}},"51":{"start":{"line":92,"column":23},"end":{"line":92,"column":52}},"52":{"start":{"line":93,"column":4},"end":{"line":105,"column":5}},"53":{"start":{"line":94,"column":6},"end":{"line":102,"column":7}},"54":{"start":{"line":95,"column":8},"end":{"line":98,"column":11}},"55":{"start":{"line":100,"column":8},"end":{"line":100,"column":79}},"56":{"start":{"line":104,"column":6},"end":{"line":104,"column":79}},"57":{"start":{"line":107,"column":4},"end":{"line":107,"column":93}},"58":{"start":{"line":111,"column":17},"end":{"line":117,"column":6}},"59":{"start":{"line":119,"column":4},"end":{"line":123,"column":5}},"60":{"start":{"line":120,"column":23},"end":{"line":120,"column":61}},"61":{"start":{"line":121,"column":6},"end":{"line":121,"column":23}},"62":{"start":{"line":122,"column":6},"end":{"line":122,"column":16}},"63":{"start":{"line":125,"column":25},"end":{"line":125,"column":56}},"64":{"start":{"line":126,"column":4},"end":{"line":126,"column":37}},"65":{"start":{"line":127,"column":4},"end":{"line":127,"column":27}},"66":{"start":{"line":128,"column":4},"end":{"line":128,"column":28}},"67":{"start":{"line":130,"column":4},"end":{"line":130,"column":44}},"68":{"start":{"line":132,"column":4},"end":{"line":132,"column":59}},"69":{"start":{"line":9,"column":0},"end":{"line":9,"column":13}}},"fnMap":{"0":{"name":"(anonymous_10)","decl":{"start":{"line":12,"column":2},"end":{"line":12,"column":7}},"loc":{"start":{"line":12,"column":68},"end":{"line":34,"column":3}}},"1":{"name":"(anonymous_11)","decl":{"start":{"line":36,"column":2},"end":{"line":36,"column":7}},"loc":{"start":{"line":36,"column":45},"end":{"line":73,"column":3}}},"2":{"name":"(anonymous_12)","decl":{"start":{"line":75,"column":2},"end":{"line":75,"column":7}},"loc":{"start":{"line":75,"column":36},"end":{"line":108,"column":3}}},"3":{"name":"(anonymous_13)","decl":{"start":{"line":110,"column":2},"end":{"line":110,"column":7}},"loc":{"start":{"line":110,"column":57},"end":{"line":133,"column":3}}}},"branchMap":{"0":{"loc":{"start":{"line":14,"column":4},"end":{"line":18,"column":5}},"type":"if","locations":[{"start":{"line":14,"column":4},"end":{"line":18,"column":5}}]},"1":{"loc":{"start":{"line":42,"column":4},"end":{"line":46,"column":5}},"type":"if","locations":[{"start":{"line":42,"column":4},"end":{"line":46,"column":5}}]},"2":{"loc":{"start":{"line":42,"column":8},"end":{"line":42,"column":35}},"type":"binary-expr","locations":[{"start":{"line":42,"column":8},"end":{"line":42,"column":13}},{"start":{"line":42,"column":17},"end":{"line":42,"column":35}}]},"3":{"loc":{"start":{"line":48,"column":4},"end":{"line":52,"column":5}},"type":"if","locations":[{"start":{"line":48,"column":4},"end":{"line":52,"column":5}}]},"4":{"loc":{"start":{"line":55,"column":4},"end":{"line":59,"column":5}},"type":"if","locations":[{"start":{"line":55,"column":4},"end":{"line":59,"column":5}}]},"5":{"loc":{"start":{"line":61,"column":19},"end":{"line":61,"column":96}},"type":"binary-expr","locations":[{"start":{"line":61,"column":19},"end":{"line":61,"column":41}},{"start":{"line":61,"column":45},"end":{"line":61,"column":96}}]},"6":{"loc":{"start":{"line":62,"column":20},"end":{"line":62,"column":51}},"type":"binary-expr","locations":[{"start":{"line":62,"column":20},"end":{"line":62,"column":43}},{"start":{"line":62,"column":47},"end":{"line":62,"column":51}}]},"7":{"loc":{"start":{"line":79,"column":4},"end":{"line":81,"column":5}},"type":"if","locations":[{"start":{"line":79,"column":4},"end":{"line":81,"column":5}}]},"8":{"loc":{"start":{"line":90,"column":24},"end":{"line":90,"column":75}},"type":"binary-expr","locations":[{"start":{"line":90,"column":24},"end":{"line":90,"column":48}},{"start":{"line":90,"column":52},"end":{"line":90,"column":75}}]},"9":{"loc":{"start":{"line":93,"column":4},"end":{"line":105,"column":5}},"type":"if","locations":[{"start":{"line":93,"column":4},"end":{"line":105,"column":5}},{"start":{"line":103,"column":11},"end":{"line":105,"column":5}}]},"10":{"loc":{"start":{"line":119,"column":4},"end":{"line":123,"column":5}},"type":"if","locations":[{"start":{"line":119,"column":4},"end":{"line":123,"column":5}}]}},"s":{"0":3,"1":3,"2":3,"3":3,"4":3,"5":3,"6":3,"7":3,"8":2,"9":2,"10":1,"11":1,"12":1,"13":1,"14":1,"15":1,"16":1,"17":1,"18":1,"19":1,"20":1,"21":1,"22":1,"23":2,"24":2,"25":1,"26":1,"27":1,"28":1,"29":0,"30":0,"31":0,"32":1,"33":1,"34":0,"35":0,"36":0,"37":1,"38":1,"39":1,"40":1,"41":1,"42":1,"43":1,"44":0,"45":1,"46":1,"47":1,"48":1,"49":1,"50":1,"51":1,"52":1,"53":0,"54":0,"55":0,"56":1,"57":1,"58":2,"59":2,"60":1,"61":1,"62":1,"63":1,"64":1,"65":1,"66":1,"67":1,"68":1,"69":3},"f":{"0":2,"1":2,"2":1,"3":2},"b":{"0":[1],"1":[1],"2":[2,1],"3":[0],"4":[0],"5":[1,0],"6":[1,1],"7":[0],"8":[1,1],"9":[0,1],"10":[1]}}
,"C:\\proy-n8n\\tallern8n\\backend\\src\\services\\incidencia.service.ts": {"path":"C:\\proy-n8n\\tallern8n\\backend\\src\\services\\incidencia.service.ts","statementMap":{"0":{"start":{"line":1,"column":0},"end":{"line":1,"column":45}},"1":{"start":{"line":2,"column":0},"end":{"line":2,"column":46}},"2":{"start":{"line":3,"column":0},"end":{"line":3,"column":52}},"3":{"start":{"line":4,"column":0},"end":{"line":4,"column":48}},"4":{"start":{"line":7,"column":30},"end":{"line":7,"column":66}},"5":{"start":{"line":8,"column":33},"end":{"line":8,"column":72}},"6":{"start":{"line":9,"column":31},"end":{"line":9,"column":68}},"7":{"start":{"line":17,"column":18},"end":{"line":17,"column":54}},"8":{"start":{"line":19,"column":23},"end":{"line":24,"column":19}},"9":{"start":{"line":26,"column":27},"end":{"line":31,"column":19}},"10":{"start":{"line":33,"column":25},"end":{"line":39,"column":19}},"11":{"start":{"line":41,"column":4},"end":{"line":46,"column":6}},"12":{"start":{"line":43,"column":38},"end":{"line":43,"column":92}},"13":{"start":{"line":44,"column":46},"end":{"line":44,"column":106}},"14":{"start":{"line":45,"column":42},"end":{"line":45,"column":100}},"15":{"start":{"line":50,"column":4},"end":{"line":53,"column":7}},"16":{"start":{"line":57,"column":20},"end":{"line":57,"column":66}},"17":{"start":{"line":58,"column":4},"end":{"line":62,"column":5}},"18":{"start":{"line":59,"column":23},"end":{"line":59,"column":60}},"19":{"start":{"line":60,"column":6},"end":{"line":60,"column":23}},"20":{"start":{"line":61,"column":6},"end":{"line":61,"column":16}},"21":{"start":{"line":64,"column":4},"end":{"line":64,"column":33}},"22":{"start":{"line":65,"column":4},"end":{"line":65,"column":39}},"23":{"start":{"line":66,"column":27},"end":{"line":66,"column":69}},"24":{"start":{"line":68,"column":23},"end":{"line":68,"column":39}},"25":{"start":{"line":69,"column":4},"end":{"line":69,"column":30}},"26":{"start":{"line":70,"column":4},"end":{"line":70,"column":33}},"27":{"start":{"line":71,"column":4},"end":{"line":71,"column":43}},"28":{"start":{"line":72,"column":4},"end":{"line":72,"column":41}},"29":{"start":{"line":73,"column":4},"end":{"line":73,"column":53}},"30":{"start":{"line":75,"column":4},"end":{"line":75,"column":26}},"31":{"start":{"line":79,"column":4},"end":{"line":82,"column":7}},"32":{"start":{"line":6,"column":0},"end":{"line":6,"column":13}}},"fnMap":{"0":{"name":"(anonymous_0)","decl":{"start":{"line":11,"column":2},"end":{"line":11,"column":7}},"loc":{"start":{"line":11,"column":16},"end":{"line":47,"column":3}}},"1":{"name":"(anonymous_1)","decl":{"start":{"line":43,"column":30},"end":{"line":43,"column":33}},"loc":{"start":{"line":43,"column":38},"end":{"line":43,"column":92}}},"2":{"name":"(anonymous_2)","decl":{"start":{"line":44,"column":38},"end":{"line":44,"column":41}},"loc":{"start":{"line":44,"column":46},"end":{"line":44,"column":106}}},"3":{"name":"(anonymous_3)","decl":{"start":{"line":45,"column":34},"end":{"line":45,"column":37}},"loc":{"start":{"line":45,"column":42},"end":{"line":45,"column":100}}},"4":{"name":"(anonymous_4)","decl":{"start":{"line":49,"column":2},"end":{"line":49,"column":7}},"loc":{"start":{"line":49,"column":14},"end":{"line":54,"column":3}}},"5":{"name":"(anonymous_5)","decl":{"start":{"line":56,"column":2},"end":{"line":56,"column":7}},"loc":{"start":{"line":56,"column":125},"end":{"line":76,"column":3}}},"6":{"name":"(anonymous_6)","decl":{"start":{"line":78,"column":2},"end":{"line":78,"column":7}},"loc":{"start":{"line":78,"column":20},"end":{"line":83,"column":3}}}},"branchMap":{"0":{"loc":{"start":{"line":58,"column":4},"end":{"line":62,"column":5}},"type":"if","locations":[{"start":{"line":58,"column":4},"end":{"line":62,"column":5}}]}},"s":{"0":3,"1":3,"2":3,"3":3,"4":6,"5":6,"6":6,"7":1,"8":1,"9":1,"10":1,"11":1,"12":1,"13":1,"14":1,"15":1,"16":1,"17":1,"18":0,"19":0,"20":0,"21":1,"22":1,"23":1,"24":1,"25":1,"26":1,"27":1,"28":1,"29":1,"30":1,"31":1,"32":3},"f":{"0":1,"1":1,"2":1,"3":1,"4":1,"5":1,"6":1},"b":{"0":[0]}}
}
