TN:
SF:src\app.ts
FNF:0
FNH:0
DA:1,3
DA:2,3
DA:3,3
DA:4,3
DA:5,3
DA:6,3
DA:7,3
DA:8,3
DA:9,3
DA:11,3
DA:13,3
DA:15,3
DA:16,3
DA:23,3
DA:24,3
DA:27,3
DA:28,3
DA:29,3
DA:30,3
DA:33,3
DA:35,3
LF:21
LH:21
BRDA:15,0,0,3
BRDA:15,0,1,2
BRF:2
BRH:2
end_of_record
TN:
SF:src\controllers\auth.controller.ts
FN:7,(anonymous_0)
FN:17,(anonymous_1)
FN:27,(anonymous_2)
FN:37,(anonymous_3)
FNF:4
FNH:4
FNDA:2,(anonymous_0)
FNDA:2,(anonymous_1)
FNDA:1,(anonymous_2)
FNDA:2,(anonymous_3)
DA:2,3
DA:4,3
DA:5,3
DA:7,3
DA:8,2
DA:9,2
DA:10,2
DA:11,1
DA:13,1
DA:17,3
DA:18,2
DA:19,2
DA:20,2
DA:21,1
DA:23,1
DA:27,3
DA:28,1
DA:29,1
DA:30,1
DA:31,1
DA:33,0
DA:37,3
DA:38,2
DA:39,2
DA:40,2
DA:41,1
DA:43,1
LF:27
LH:26
BRF:0
BRH:0
end_of_record
TN:
SF:src\controllers\incidencia.controller.ts
FN:8,(anonymous_0)
FN:17,(anonymous_1)
FN:26,(anonymous_2)
FN:39,(anonymous_3)
FNF:4
FNH:4
FNDA:1,(anonymous_0)
FNDA:1,(anonymous_1)
FNDA:1,(anonymous_2)
FNDA:1,(anonymous_3)
DA:3,3
DA:5,3
DA:6,6
DA:8,6
DA:9,1
DA:10,1
DA:11,1
DA:13,0
DA:17,6
DA:18,1
DA:19,1
DA:20,1
DA:22,0
DA:26,6
DA:27,1
DA:28,1
DA:29,1
DA:30,1
DA:32,1
DA:33,1
DA:35,0
DA:39,6
DA:40,1
DA:41,1
DA:42,1
DA:44,0
LF:26
LH:22
BRF:0
BRH:0
end_of_record
TN:
SF:src\dtos\auth.schema.ts
FNF:0
FNH:0
DA:1,3
DA:3,3
DA:9,3
DA:14,3
DA:18,3
LF:5
LH:5
BRF:0
BRH:0
end_of_record
TN:
SF:src\dtos\incidencia.schema.ts
FN:5,(anonymous_0)
FNF:1
FNH:0
FNDA:0,(anonymous_0)
DA:1,3
DA:3,3
DA:5,0
LF:3
LH:2
BRF:0
BRH:0
end_of_record
TN:
SF:src\entities\Comentario.ts
FN:13,(anonymous_2)
FN:20,(anonymous_3)
FN:30,(anonymous_4)
FNF:3
FNH:0
FNDA:0,(anonymous_2)
FNDA:0,(anonymous_3)
FNDA:0,(anonymous_4)
DA:1,3
DA:2,3
DA:3,3
DA:6,3
DA:8,3
DA:11,3
DA:13,0
DA:15,3
DA:18,3
DA:20,0
DA:22,3
DA:25,3
DA:28,3
DA:30,0
DA:31,3
LF:15
LH:12
BRF:0
BRH:0
end_of_record
TN:
SF:src\entities\Novedad.ts
FN:16,(anonymous_2)
FN:35,(anonymous_3)
FN:42,(anonymous_4)
FN:49,(anonymous_5)
FN:52,(anonymous_6)
FNF:5
FNH:0
FNDA:0,(anonymous_2)
FNDA:0,(anonymous_3)
FNDA:0,(anonymous_4)
FNDA:0,(anonymous_5)
FNDA:0,(anonymous_6)
DA:1,3
DA:2,3
DA:3,3
DA:6,3
DA:8,3
DA:11,3
DA:14,3
DA:16,0
DA:18,3
DA:21,3
DA:24,3
DA:27,3
DA:30,3
DA:33,3
DA:35,0
DA:37,3
DA:40,3
DA:42,0
DA:44,3
DA:47,3
DA:49,0
DA:50,3
DA:52,0
DA:53,3
LF:24
LH:19
BRF:0
BRH:0
end_of_record
TN:
SF:src\entities\Proyecto.ts
FNF:0
FNH:0
DA:1,3
DA:4,3
DA:6,3
DA:9,3
DA:12,3
LF:5
LH:5
BRF:0
BRH:0
end_of_record
TN:
SF:src\entities\Usuario.ts
FN:20,(anonymous_2)
FNF:1
FNH:0
FNDA:0,(anonymous_2)
DA:1,3
DA:4,3
DA:6,3
DA:9,3
DA:12,3
DA:15,3
DA:18,3
DA:20,0
DA:21,3
DA:24,3
DA:27,3
DA:30,3
DA:33,3
LF:13
LH:12
BRF:0
BRH:0
end_of_record
TN:
SF:src\middlewares\auth.middleware.ts
FN:13,(anonymous_9)
FN:31,(anonymous_10)
FN:32,(anonymous_11)
FNF:3
FNH:1
FNDA:4,(anonymous_9)
FNDA:0,(anonymous_10)
FNDA:0,(anonymous_11)
DA:2,3
DA:13,3
DA:14,4
DA:15,4
DA:16,0
DA:17,0
DA:20,4
DA:21,4
DA:22,4
DA:23,4
DA:24,4
DA:25,4
DA:27,0
DA:31,3
DA:32,0
DA:33,0
DA:34,0
DA:35,0
DA:38,0
DA:39,0
DA:40,0
DA:43,0
LF:22
LH:11
BRDA:15,0,0,0
BRDA:15,1,0,4
BRDA:15,1,1,4
BRDA:22,2,0,4
BRDA:22,2,1,0
BRDA:33,3,0,0
BRDA:38,4,0,0
BRF:7
BRH:3
end_of_record
TN:
SF:src\middlewares\error.middleware.ts
FN:3,(anonymous_0)
FNF:1
FNH:1
FNDA:3,(anonymous_0)
DA:3,3
DA:10,3
DA:11,3
DA:14,3
DA:16,3
LF:5
LH:5
BRDA:10,0,0,3
BRDA:10,0,1,0
BRDA:11,1,0,3
BRDA:11,1,1,0
BRF:4
BRH:2
end_of_record
TN:
SF:src\middlewares\rate-limit.middleware.ts
FNF:0
FNH:0
DA:1,3
DA:3,3
LF:2
LH:2
BRF:0
BRH:0
end_of_record
TN:
SF:src\middlewares\validation.middleware.ts
FN:4,(anonymous_0)
FN:5,(anonymous_1)
FNF:2
FNH:2
FNDA:15,(anonymous_0)
FNDA:8,(anonymous_1)
DA:2,3
DA:4,3
DA:5,15
DA:6,8
DA:7,8
DA:8,8
DA:10,0
DA:11,0
DA:15,0
DA:17,0
LF:10
LH:6
BRDA:10,0,0,0
BRDA:12,1,0,0
BRDA:12,1,1,0
BRF:3
BRH:0
end_of_record
TN:
SF:src\routes\auth.routes.ts
FNF:0
FNH:0
DA:1,3
DA:2,3
DA:3,3
DA:4,3
DA:5,3
DA:7,3
DA:8,3
DA:10,3
DA:11,3
DA:12,3
DA:13,3
DA:15,3
LF:12
LH:12
BRF:0
BRH:0
end_of_record
TN:
SF:src\routes\health.routes.ts
FN:5,(anonymous_0)
FNF:1
FNH:1
FNDA:1,(anonymous_0)
DA:1,3
DA:3,3
DA:5,3
DA:6,1
DA:9,3
LF:5
LH:5
BRF:0
BRH:0
end_of_record
TN:
SF:src\routes\incidencia.routes.ts
FNF:0
FNH:0
DA:1,3
DA:2,3
DA:3,3
DA:4,3
DA:5,3
DA:7,3
DA:8,3
DA:10,3
DA:12,3
DA:13,3
DA:14,3
DA:16,3
LF:12
LH:12
BRF:0
BRH:0
end_of_record
TN:
SF:src\routes\proyecto.routes.ts
FNF:0
FNH:0
DA:1,3
DA:2,3
DA:3,3
DA:5,3
DA:6,3
DA:8,3
DA:10,3
DA:12,3
LF:8
LH:8
BRF:0
BRH:0
end_of_record
TN:
SF:src\services\auth.service.ts
FN:12,(anonymous_10)
FN:36,(anonymous_11)
FN:75,(anonymous_12)
FN:110,(anonymous_13)
FNF:4
FNH:4
FNDA:2,(anonymous_10)
FNDA:2,(anonymous_11)
FNDA:1,(anonymous_12)
FNDA:2,(anonymous_13)
DA:1,3
DA:2,3
DA:3,3
DA:4,3
DA:5,3
DA:6,3
DA:7,3
DA:9,3
DA:10,3
DA:13,2
DA:14,2
DA:15,1
DA:16,1
DA:17,1
DA:20,1
DA:22,1
DA:23,1
DA:24,1
DA:25,1
DA:26,1
DA:27,1
DA:29,1
DA:32,1
DA:33,1
DA:37,2
DA:42,2
DA:43,1
DA:44,1
DA:45,1
DA:48,1
DA:49,0
DA:50,0
DA:51,0
DA:54,1
DA:55,1
DA:56,0
DA:57,0
DA:58,0
DA:61,1
DA:62,1
DA:64,1
DA:71,1
DA:72,1
DA:76,1
DA:79,1
DA:80,0
DA:83,1
DA:84,1
DA:86,1
DA:87,1
DA:88,1
DA:90,1
DA:92,1
DA:93,1
DA:94,0
DA:95,0
DA:100,0
DA:104,1
DA:107,1
DA:111,2
DA:119,2
DA:120,1
DA:121,1
DA:122,1
DA:125,1
DA:126,1
DA:127,1
DA:128,1
DA:130,1
DA:132,1
LF:70
LH:60
BRDA:14,0,0,1
BRDA:42,1,0,1
BRDA:42,2,0,2
BRDA:42,2,1,1
BRDA:48,3,0,0
BRDA:55,4,0,0
BRDA:61,5,0,1
BRDA:61,5,1,0
BRDA:62,6,0,1
BRDA:62,6,1,1
BRDA:79,7,0,0
BRDA:90,8,0,1
BRDA:90,8,1,1
BRDA:93,9,0,0
BRDA:93,9,1,1
BRDA:119,10,0,1
BRF:16
BRH:11
end_of_record
TN:
SF:src\services\incidencia.service.ts
FN:11,(anonymous_0)
FN:43,(anonymous_1)
FN:44,(anonymous_2)
FN:45,(anonymous_3)
FN:49,(anonymous_4)
FN:56,(anonymous_5)
FN:78,(anonymous_6)
FNF:7
FNH:7
FNDA:1,(anonymous_0)
FNDA:1,(anonymous_1)
FNDA:1,(anonymous_2)
FNDA:1,(anonymous_3)
FNDA:1,(anonymous_4)
FNDA:1,(anonymous_5)
FNDA:1,(anonymous_6)
DA:1,3
DA:2,3
DA:3,3
DA:4,3
DA:6,3
DA:7,6
DA:8,6
DA:9,6
DA:17,1
DA:19,1
DA:26,1
DA:33,1
DA:41,1
DA:43,1
DA:44,1
DA:45,1
DA:50,1
DA:57,1
DA:58,1
DA:59,0
DA:60,0
DA:61,0
DA:64,1
DA:65,1
DA:66,1
DA:68,1
DA:69,1
DA:70,1
DA:71,1
DA:72,1
DA:73,1
DA:75,1
DA:79,1
LF:33
LH:30
BRDA:58,0,0,0
BRF:1
BRH:0
end_of_record
